[08/18/2022 13:44:27] Debug: Session id: 23e92c64-8370-437f-8e83-93f46230fb3f
[08/18/2022 13:44:27] Debug: Code Processor information: Name :SnowConvert, Version: 7.11.81.0
[08/18/2022 13:44:28] Debug: Getting license
[08/18/2022 13:44:28] Debug: License information
	Status: Failed
	Message: No active license available.
[08/18/2022 13:44:28] Info: Starting to validate parameters
[08/18/2022 13:44:28] Info: Parameters to validate: 
	Execution mode: Conversion
	LICENSE_KEY: a3372138-b87e-4a08-b929-3b48b24c63f1
[08/18/2022 13:44:28] Info: Validation of parameters: Success
[08/18/2022 13:44:28] Debug: Getting code descriptor
[08/18/2022 13:44:28] Debug: Code descriptor information
	Units: 51
	Units type: LOC
	All file bytes: 2141
	All found extensions: .sql,.dml,.ddl,.bteq,.btq,.fl,.fload,.ml,.mload,.mld,.tp,.tpump,.tpt
[08/18/2022 13:44:28] Debug: Calculating fingerprint
[08/18/2022 13:44:28] Debug: Fingerprint information Fingerprint(size=2141,projects=1)
[08/18/2022 13:44:28] Info: Starting to try to validate online license for execution
[08/18/2022 13:44:29] Debug: Getting license
[08/18/2022 13:44:29] Debug: License information
	Status: Failed
	Message: No active license available.
[08/18/2022 13:44:29] Debug: Starting the execution of the controller
[08/18/2022 13:44:30] Debug: Executing the worker: SnowConvert
[08/18/2022 13:44:42] Debug: Finished executing the worker: SnowConvert
[08/18/2022 13:44:44] Info: Controller execution ended
